[INFO ][2022-03-09_15:32:42.233][main][TestContext.java][printMendatoryInfo][General_0] - 

|=|=|=|=|=|=|=|=|=|=|=|=|=|=|=|=|=|=|=|=|=|=|=|=|
      ___                                                
     / _ \                          __ _ _        
    | |_| |__ _   _    __ _   ____  \ \ \ \       
    |  _  |  __|_| |_ / __ \/ ____|  \ \ \ \      
    | | | | |  |_| |_| (__) )___  \   ) ) ) )     
    |_| |_|_|    | |_ \__ _/| ___ /  / / / /      
    =============\__/============== (_(_(_(       
    == Artos ==  (RELEASE v0.0.14-beta-1)                 
                                                         
|=|=|=|=|=|=|=|=|=|=|=|=|=|=|=|=|=|=|=|=|=|=|=|=|

[INFO ][2022-03-09_15:32:42.237][main][TestContext.java][printMendatoryInfo][General_0] - 
************************************ Header Start ******************************************
Organisation_Name : <Organisation> PTY LTD
Organisation_Country : NewZealand
Organisation_Address : XX, Test Street, Test address
Organisation_Phone : +64 1234567
Organisation_Email : artos.framework@gmail.com
Organisation_Website : www.theartos.com
************************************ Header End ********************************************
[DEBUG][2022-03-09_15:32:42.238][main][TestContext.java][printUsefulInfo][General_0] - 
Test FrameWork Info
* Artos version => 0.0.14-beta-1
* Artos build date => 19-04-2020 07:07
* Java Runtime Environment version => 16.0.1
* Java Virtual Machine specification version => 16
* Java Runtime Environment specification version => 16
* Java class path => C:\Users\feng.zhou\IdeaProjects\Artos-test-project\target\classes;C:\Users\feng.zhou\.m2\repository\io\appium\java-client\7.3.0\java-client-7.3.0.jar;C:\Users\feng.zhou\.m2\repository\org\seleniumhq\selenium\selenium-support\3.141.59\selenium-support-3.141.59.jar;C:\Users\feng.zhou\.m2\repository\org\seleniumhq\selenium\selenium-api\3.141.59\selenium-api-3.141.59.jar;C:\Users\feng.zhou\.m2\repository\com\google\code\gson\gson\2.8.5\gson-2.8.5.jar;C:\Users\feng.zhou\.m2\repository\org\apache\httpcomponents\httpclient\4.5.9\httpclient-4.5.9.jar;C:\Users\feng.zhou\.m2\repository\cglib\cglib\3.2.12\cglib-3.2.12.jar;C:\Users\feng.zhou\.m2\repository\org\ow2\asm\asm\7.1\asm-7.1.jar;C:\Users\feng.zhou\.m2\repository\commons-validator\commons-validator\1.6\commons-validator-1.6.jar;C:\Users\feng.zhou\.m2\repository\commons-beanutils\commons-beanutils\1.9.2\commons-beanutils-1.9.2.jar;C:\Users\feng.zhou\.m2\repository\commons-digester\commons-digester\1.8.1\commons-digester-1.8.1.jar;C:\Users\feng.zhou\.m2\repository\commons-collections\commons-collections\3.2.2\commons-collections-3.2.2.jar;C:\Users\feng.zhou\.m2\repository\org\apache\commons\commons-lang3\3.9\commons-lang3-3.9.jar;C:\Users\feng.zhou\.m2\repository\commons-io\commons-io\2.6\commons-io-2.6.jar;C:\Users\feng.zhou\.m2\repository\org\springframework\spring-context\5.1.8.RELEASE\spring-context-5.1.8.RELEASE.jar;C:\Users\feng.zhou\.m2\repository\org\springframework\spring-aop\5.1.8.RELEASE\spring-aop-5.1.8.RELEASE.jar;C:\Users\feng.zhou\.m2\repository\org\springframework\spring-beans\5.1.8.RELEASE\spring-beans-5.1.8.RELEASE.jar;C:\Users\feng.zhou\.m2\repository\org\springframework\spring-core\5.1.8.RELEASE\spring-core-5.1.8.RELEASE.jar;C:\Users\feng.zhou\.m2\repository\org\springframework\spring-jcl\5.1.8.RELEASE\spring-jcl-5.1.8.RELEASE.jar;C:\Users\feng.zhou\.m2\repository\org\springframework\spring-expression\5.1.8.RELEASE\spring-expression-5.1.8.RELEASE.jar;C:\Users\feng.zhou\.m2\repository\org\aspectj\aspectjweaver\1.9.4\aspectjweaver-1.9.4.jar;C:\Users\feng.zhou\.m2\repository\org\slf4j\slf4j-api\1.7.26\slf4j-api-1.7.26.jar;C:\Users\feng.zhou\.m2\repository\com\jaliansystems\marathon-java-driver\5.4.0.0\marathon-java-driver-5.4.0.0.jar;C:\Users\feng.zhou\.m2\repository\org\json\json\20180813\json-20180813.jar;C:\Users\feng.zhou\.m2\repository\com\jaliansystems\marathon-java-agent\5.4.0.0\marathon-java-agent-5.4.0.0.jar;C:\Users\feng.zhou\.m2\repository\com\jaliansystems\marathon-javafx-agent\5.4.0.0\marathon-javafx-agent-5.4.0.0.jar;C:\Users\feng.zhou\.m2\repository\org\nanohttpd\nanohttpd\2.3.1\nanohttpd-2.3.1.jar;C:\Users\feng.zhou\.m2\repository\io\rest-assured\rest-assured\3.0.0\rest-assured-3.0.0.jar;C:\Users\feng.zhou\.m2\repository\org\codehaus\groovy\groovy\2.4.6\groovy-2.4.6.jar;C:\Users\feng.zhou\.m2\repository\org\codehaus\groovy\groovy-xml\2.4.6\groovy-xml-2.4.6.jar;C:\Users\feng.zhou\.m2\repository\org\apache\httpcomponents\httpmime\4.5.1\httpmime-4.5.1.jar;C:\Users\feng.zhou\.m2\repository\org\hamcrest\hamcrest-core\1.3\hamcrest-core-1.3.jar;C:\Users\feng.zhou\.m2\repository\org\hamcrest\hamcrest-library\1.3\hamcrest-library-1.3.jar;C:\Users\feng.zhou\.m2\repository\org\ccil\cowan\tagsoup\tagsoup\1.2.1\tagsoup-1.2.1.jar;C:\Users\feng.zhou\.m2\repository\io\rest-assured\json-path\3.0.0\json-path-3.0.0.jar;C:\Users\feng.zhou\.m2\repository\org\codehaus\groovy\groovy-json\2.4.6\groovy-json-2.4.6.jar;C:\Users\feng.zhou\.m2\repository\io\rest-assured\rest-assured-common\3.0.0\rest-assured-common-3.0.0.jar;C:\Users\feng.zhou\.m2\repository\io\rest-assured\xml-path\3.0.0\xml-path-3.0.0.jar;C:\Users\feng.zhou\.m2\repository\org\seleniumhq\selenium\selenium-java\3.14.0\selenium-java-3.14.0.jar;C:\Users\feng.zhou\.m2\repository\org\seleniumhq\selenium\selenium-chrome-driver\3.14.0\selenium-chrome-driver-3.14.0.jar;C:\Users\feng.zhou\.m2\repository\org\seleniumhq\selenium\selenium-edge-driver\3.14.0\selenium-edge-driver-3.14.0.jar;C:\Users\feng.zhou\.m2\repository\org\seleniumhq\selenium\selenium-firefox-driver\3.14.0\selenium-firefox-driver-3.14.0.jar;C:\Users\feng.zhou\.m2\repository\org\seleniumhq\selenium\selenium-ie-driver\3.14.0\selenium-ie-driver-3.14.0.jar;C:\Users\feng.zhou\.m2\repository\org\seleniumhq\selenium\selenium-opera-driver\3.14.0\selenium-opera-driver-3.14.0.jar;C:\Users\feng.zhou\.m2\repository\org\seleniumhq\selenium\selenium-remote-driver\3.14.0\selenium-remote-driver-3.14.0.jar;C:\Users\feng.zhou\.m2\repository\org\seleniumhq\selenium\selenium-safari-driver\3.14.0\selenium-safari-driver-3.14.0.jar;C:\Users\feng.zhou\.m2\repository\net\bytebuddy\byte-buddy\1.8.15\byte-buddy-1.8.15.jar;C:\Users\feng.zhou\.m2\repository\org\apache\commons\commons-exec\1.3\commons-exec-1.3.jar;C:\Users\feng.zhou\.m2\repository\commons-codec\commons-codec\1.10\commons-codec-1.10.jar;C:\Users\feng.zhou\.m2\repository\commons-logging\commons-logging\1.2\commons-logging-1.2.jar;C:\Users\feng.zhou\.m2\repository\com\google\guava\guava\25.0-jre\guava-25.0-jre.jar;C:\Users\feng.zhou\.m2\repository\com\google\code\findbugs\jsr305\1.3.9\jsr305-1.3.9.jar;C:\Users\feng.zhou\.m2\repository\org\checkerframework\checker-compat-qual\2.0.0\checker-compat-qual-2.0.0.jar;C:\Users\feng.zhou\.m2\repository\com\google\errorprone\error_prone_annotations\2.1.3\error_prone_annotations-2.1.3.jar;C:\Users\feng.zhou\.m2\repository\com\google\j2objc\j2objc-annotations\1.1\j2objc-annotations-1.1.jar;C:\Users\feng.zhou\.m2\repository\org\codehaus\mojo\animal-sniffer-annotations\1.14\animal-sniffer-annotations-1.14.jar;C:\Users\feng.zhou\.m2\repository\org\apache\httpcomponents\httpcore\4.4.9\httpcore-4.4.9.jar;C:\Users\feng.zhou\.m2\repository\com\squareup\okhttp3\okhttp\3.10.0\okhttp-3.10.0.jar;C:\Users\feng.zhou\.m2\repository\com\squareup\okio\okio\1.14.1\okio-1.14.1.jar;C:\Users\feng.zhou\.m2\repository\com\theartos\artos\0.0.14-beta-1\artos-0.0.14-beta-1.jar
* List of paths to search when loading libraries => C:\Users\feng.zhou\.jdks\openjdk-16.0.1\bin;C:\WINDOWS\Sun\Java\bin;C:\WINDOWS\system32;C:\WINDOWS;C:\Program Files\Common Files\Oracle\Java\javapath;C:\Program Files (x86)\Common Files\Oracle\Java\javapath;C:\WINDOWS\system32;C:\WINDOWS;C:\WINDOWS\System32\Wbem;C:\WINDOWS\System32\WindowsPowerShell\v1.0\;C:\WINDOWS\System32\OpenSSH\;C:\Program Files\PuTTY\;C:\Program Files\Microsoft VS Code\bin;C:\Program Files\TortoiseSVN\bin;C:\Program Files\Git\cmd;C:\Program Files (x86)\Microsoft SQL Server\150\DTS\Binn\;C:\Program Files\Azure Data Studio\bin;C:\Program Files\Microsoft SQL Server Migration Assistant for MySQL\bin\;C:\Program Files (x86)\Windows Kits\10\Windows Performance Toolkit\;C:\Program Files\dotnet\;C:\Users\feng.zhou\AppData\Local\Microsoft\WindowsApps;C:\Program Files\Azure Data Studio\bin;C:\Users\feng.zhou\AppData\Local\Programs\Microsoft VS Code\bin;C:\Users\feng.zhou\.dotnet\tools;C:\maven\apache-maven-3.8.4\bin;;.
* Operating system name => Windows 10
* Operating system architecture => amd64
* Operating system version => 10.0
* File separator ("/" on UNIX) => \
* Path separator (":" on UNIX) => ;
* User's account name => feng.zhou
* User's home directory => C:\Users\feng.zhou

[INFO ][2022-03-09_15:32:42.362][pool-2-thread-1][TestExecutionEventListener.java][beforeTestSuiteMethodExecutionStarted][General_0] - 
=> beforeTestSuite(context)
[INFO ][2022-03-09_15:32:42.363][pool-2-thread-1][FeatureRunner.java][beforeTestSuite][General_0] - This method executes before test suite
[INFO ][2022-03-09_15:32:42.364][pool-2-thread-1][TestExecutionEventListener.java][testExecutionLoopCount][General_0] - 
---------------- (Test Loop Count : 1) -------------------
[INFO ][2022-03-09_15:32:42.364][pool-2-thread-1][TestExecutionEventListener.java][printTestPlan][General_0] - *************************************************************************
Test Name	: com.tests.feature1.TestCase_1
Written BY	: arpit
Date		: 19/02/2019
BDD Test Plan	: 
GIVEN..
WHEN..
AND..
THEN..
*************************************************************************
[INFO ][2022-03-09_15:32:42.365][pool-2-thread-1][TestExecutionEventListener.java][globalBeforeTestCaseMethodExecutionStarted][General_0] - 
=> beforeTestCase(context)
[INFO ][2022-03-09_15:32:42.365][pool-2-thread-1][FeatureRunner.java][beforeTestCase][General_0] - This method executes before each test case
[INFO ][2022-03-09_15:32:42.368][pool-2-thread-1][TestExecutionEventListener.java][printTestUnitPlan][General_0] - *************************************************************************
Unit Name	: TC_Sign_In_05_05
*************************************************************************
[INFO ][2022-03-09_15:32:42.368][pool-2-thread-1][TestExecutionEventListener.java][globalBeforeTestUnitMethodExecutionStarted][General_0] - 
=> beforeTestUnit(context)
[INFO ][2022-03-09_15:32:42.368][pool-2-thread-1][FeatureRunner.java][beforeTestUnit][General_0] - This method executes before each test unit
[INFO ][2022-03-09_15:32:42.369][pool-2-thread-1][TestCase_1.java][TC_Sign_In_05_05][General_0] - fgfgf
[INFO ][2022-03-09_15:32:42.370][pool-2-thread-1][TestExecutionEventListener.java][globalAfterTestUnitMethodExecutionStarted][General_0] - 
=> afterTestUnit(context)
[INFO ][2022-03-09_15:32:42.371][pool-2-thread-1][FeatureRunner.java][afterTestUnit][General_0] - This method executes after each test unit
[INFO ][2022-03-09_15:32:42.371][pool-2-thread-1][TestContext.java][generateUnitTestSummary][General_0] - [PASS]: TC_Sign_In_05_05(context)
[INFO ][2022-03-09_15:32:42.372][pool-2-thread-1][TestExecutionEventListener.java][printTestUnitPlan][General_0] - *************************************************************************
Unit Name	: TC_Sign_In_05_06
*************************************************************************
[INFO ][2022-03-09_15:32:42.373][pool-2-thread-1][TestExecutionEventListener.java][globalBeforeTestUnitMethodExecutionStarted][General_0] - 
=> beforeTestUnit(context)
[INFO ][2022-03-09_15:32:42.373][pool-2-thread-1][FeatureRunner.java][beforeTestUnit][General_0] - This method executes before each test unit
[INFO ][2022-03-09_15:32:42.373][pool-2-thread-1][TestCase_1.java][TC_Sign_In_05_06][General_0] - fgfgf
[INFO ][2022-03-09_15:32:42.374][pool-2-thread-1][TestExecutionEventListener.java][globalAfterTestUnitMethodExecutionStarted][General_0] - 
=> afterTestUnit(context)
[INFO ][2022-03-09_15:32:42.374][pool-2-thread-1][FeatureRunner.java][afterTestUnit][General_0] - This method executes after each test unit
[INFO ][2022-03-09_15:32:42.374][pool-2-thread-1][TestContext.java][generateUnitTestSummary][General_0] - [PASS]: TC_Sign_In_05_06(context)
[INFO ][2022-03-09_15:32:42.375][pool-2-thread-1][TestExecutionEventListener.java][printTestUnitPlan][General_0] - *************************************************************************
Unit Name	: TC_Sign_In_05_07
*************************************************************************
[INFO ][2022-03-09_15:32:42.375][pool-2-thread-1][TestExecutionEventListener.java][globalBeforeTestUnitMethodExecutionStarted][General_0] - 
=> beforeTestUnit(context)
[INFO ][2022-03-09_15:32:42.375][pool-2-thread-1][FeatureRunner.java][beforeTestUnit][General_0] - This method executes before each test unit
[INFO ][2022-03-09_15:32:42.375][pool-2-thread-1][TestCase_1.java][TC_Sign_In_05_07][General_0] - fgfgf
[INFO ][2022-03-09_15:32:42.375][pool-2-thread-1][TestExecutionEventListener.java][globalAfterTestUnitMethodExecutionStarted][General_0] - 
=> afterTestUnit(context)
[INFO ][2022-03-09_15:32:42.376][pool-2-thread-1][FeatureRunner.java][afterTestUnit][General_0] - This method executes after each test unit
[INFO ][2022-03-09_15:32:42.376][pool-2-thread-1][TestContext.java][generateUnitTestSummary][General_0] - [PASS]: TC_Sign_In_05_07(context)
[INFO ][2022-03-09_15:32:42.376][pool-2-thread-1][TestExecutionEventListener.java][printTestUnitPlan][General_0] - *************************************************************************
Unit Name	: TC_Sign_In_05_08
*************************************************************************
[INFO ][2022-03-09_15:32:42.377][pool-2-thread-1][TestExecutionEventListener.java][globalBeforeTestUnitMethodExecutionStarted][General_0] - 
=> beforeTestUnit(context)
[INFO ][2022-03-09_15:32:42.377][pool-2-thread-1][FeatureRunner.java][beforeTestUnit][General_0] - This method executes before each test unit
[INFO ][2022-03-09_15:32:42.377][pool-2-thread-1][TestCase_1.java][TC_Sign_In_05_08][General_0] - fgfgf
[INFO ][2022-03-09_15:32:42.377][pool-2-thread-1][TestContext.java][setTestStatus][General_0] - [FAIL]: class java.lang.AssertionError cannot be cast to class java.lang.Exception (java.lang.AssertionError and java.lang.Exception are in module java.base of loader 'bootstrap')
[INFO ][2022-03-09_15:32:42.378][pool-2-thread-1][TestContext.java][setTestStatus][General_0] - =========================================================================
=============================== FAIL HERE ===============================
=========================================================================
[ERROR][2022-03-09_15:32:42.378][pool-2-thread-1][UtilsFramework.java][writePrintStackTrace][General_0] - java.lang.ClassCastException: class java.lang.AssertionError cannot be cast to class java.lang.Exception (java.lang.AssertionError and java.lang.Exception are in module java.base of loader 'bootstrap')
	at com.artos.framework.infra.RunnerTestUnits.processInvocationTargetException(RunnerTestUnits.java:379)
	at com.artos.framework.infra.RunnerTestUnits.runSimpleUnitTest(RunnerTestUnits.java:367)
	at com.artos.framework.infra.RunnerTestUnits.runIndividualUnitTest(RunnerTestUnits.java:242)
	at com.artos.framework.infra.RunnerTestUnits.runSingleThreadUnits(RunnerTestUnits.java:114)
	at com.artos.framework.infra.ArtosRunner.runSimpleTest(ArtosRunner.java:619)
	at com.artos.framework.infra.ArtosRunner.runIndividualTest(ArtosRunner.java:511)
	at com.artos.framework.infra.ArtosRunner.runSingleThread(ArtosRunner.java:376)
	at com.artos.framework.infra.ArtosRunner.runTest(ArtosRunner.java:171)
	at com.artos.framework.infra.ArtosRunner.run(ArtosRunner.java:150)
	at com.artos.framework.infra.SuiteTask.run(Runner.java:591)
	at java.base/java.util.concurrent.Executors$RunnableAdapter.call(Executors.java:515)
	at java.base/java.util.concurrent.FutureTask.run(FutureTask.java:264)
	at java.base/java.util.concurrent.ThreadPoolExecutor.runWorker(ThreadPoolExecutor.java:1130)
	at java.base/java.util.concurrent.ThreadPoolExecutor$Worker.run(ThreadPoolExecutor.java:630)
	at java.base/java.lang.Thread.run(Thread.java:831)

[INFO ][2022-03-09_15:32:42.379][pool-2-thread-1][TestExecutionEventListener.java][globalAfterTestUnitMethodExecutionStarted][General_0] - 
=> afterTestUnit(context)
[INFO ][2022-03-09_15:32:42.379][pool-2-thread-1][FeatureRunner.java][afterTestUnit][General_0] - This method executes after each test unit
[INFO ][2022-03-09_15:32:42.379][pool-2-thread-1][TestContext.java][generateUnitTestSummary][General_0] - [FAIL]: TC_Sign_In_05_08(context)
[INFO ][2022-03-09_15:32:42.381][pool-2-thread-1][TestExecutionEventListener.java][globalAfterTestCaseMethodExecutionStarted][General_0] - 
=> afterTestCase(context)
[INFO ][2022-03-09_15:32:42.382][pool-2-thread-1][FeatureRunner.java][afterTestCase][General_0] - This method executes after each test case
[INFO ][2022-03-09_15:32:42.382][pool-2-thread-1][TestContext.java][generateTestSummary][General_0] - 
Test Result : FAIL
*************************************************************************
[INFO ][2022-03-09_15:32:42.385][pool-2-thread-1][TestExecutionEventListener.java][printTestPlan][General_0] - *************************************************************************
Test Name	: com.tests.feature1.TestCase_2
Written BY	: user
Date		: 12/02/2019
BDD Test Plan	: 
GIVEN..
WHEN..
AND..
THEN..
*************************************************************************
[INFO ][2022-03-09_15:32:42.386][pool-2-thread-1][TestExecutionEventListener.java][globalBeforeTestCaseMethodExecutionStarted][General_0] - 
=> beforeTestCase(context)
[INFO ][2022-03-09_15:32:42.387][pool-2-thread-1][FeatureRunner.java][beforeTestCase][General_0] - This method executes before each test case
[INFO ][2022-03-09_15:32:42.387][pool-2-thread-1][TestExecutionEventListener.java][printTestUnitPlan][General_0] - *************************************************************************
Unit Name	: testUnit_1
*************************************************************************
[INFO ][2022-03-09_15:32:42.387][pool-2-thread-1][TestExecutionEventListener.java][globalBeforeTestUnitMethodExecutionStarted][General_0] - 
=> beforeTestUnit(context)
[INFO ][2022-03-09_15:32:42.388][pool-2-thread-1][FeatureRunner.java][beforeTestUnit][General_0] - This method executes before each test unit
[INFO ][2022-03-09_15:32:42.388][pool-2-thread-1][TestExecutionEventListener.java][globalAfterTestUnitMethodExecutionStarted][General_0] - 
=> afterTestUnit(context)
[INFO ][2022-03-09_15:32:42.388][pool-2-thread-1][FeatureRunner.java][afterTestUnit][General_0] - This method executes after each test unit
[INFO ][2022-03-09_15:32:42.388][pool-2-thread-1][TestContext.java][generateUnitTestSummary][General_0] - [PASS]: testUnit_1(context)
[INFO ][2022-03-09_15:32:42.389][pool-2-thread-1][TestExecutionEventListener.java][printTestUnitPlan][General_0] - *************************************************************************
Unit Name	: testUnit_2
*************************************************************************
[INFO ][2022-03-09_15:32:42.389][pool-2-thread-1][TestExecutionEventListener.java][globalBeforeTestUnitMethodExecutionStarted][General_0] - 
=> beforeTestUnit(context)
[INFO ][2022-03-09_15:32:42.389][pool-2-thread-1][FeatureRunner.java][beforeTestUnit][General_0] - This method executes before each test unit
[INFO ][2022-03-09_15:32:42.390][pool-2-thread-1][TestExecutionEventListener.java][globalAfterTestUnitMethodExecutionStarted][General_0] - 
=> afterTestUnit(context)
[INFO ][2022-03-09_15:32:42.390][pool-2-thread-1][FeatureRunner.java][afterTestUnit][General_0] - This method executes after each test unit
[INFO ][2022-03-09_15:32:42.390][pool-2-thread-1][TestContext.java][generateUnitTestSummary][General_0] - [PASS]: testUnit_2(context)
[INFO ][2022-03-09_15:32:42.391][pool-2-thread-1][TestExecutionEventListener.java][globalAfterTestCaseMethodExecutionStarted][General_0] - 
=> afterTestCase(context)
[INFO ][2022-03-09_15:32:42.391][pool-2-thread-1][FeatureRunner.java][afterTestCase][General_0] - This method executes after each test case
[INFO ][2022-03-09_15:32:42.391][pool-2-thread-1][TestContext.java][generateTestSummary][General_0] - 
Test Result : PASS
*************************************************************************
[INFO ][2022-03-09_15:32:42.392][pool-2-thread-1][TestExecutionEventListener.java][afterTestSuiteMethodExecutionStarted][General_0] - 
=> afterTestSuite(context)
[INFO ][2022-03-09_15:32:42.392][pool-2-thread-1][FeatureRunner.java][afterTestSuite][General_0] - This method executes after test suite
[INFO ][2022-03-09_15:32:42.724][pool-2-thread-1][ArtosRunner.java][runTest][General_0] - *************************************************************************
[TestCases] EXECUTED:2    PASS:1    SKIP:0    KTF:0    FAIL:1    [FATAL:0    CRITICAL:0    HIGH:0    MEDIUM:0    LOW:0    UNDEFINED:1   ]
[TestUnits] EXECUTED:6    PASS:5    SKIP:0    KTF:0    FAIL:1    [FATAL:0    CRITICAL:0    HIGH:0    MEDIUM:0    LOW:0    UNDEFINED:1   ]

Test start time : 09-03-2022 03:32:42
Test finish time : 09-03-2022 03:32:42
Test duration : 0 min, 0 sec
